E:\COULLAGE\1ST YEAR 2ND SEMESTER\DATA STRUCTURE\PROJECT\PROJECT_CODE_S2019\RESTAURANT\DEBUG\CMUGRAPHICS.OBJ
E:\COULLAGE\1ST YEAR 2ND SEMESTER\DATA STRUCTURE\PROJECT\PROJECT_CODE_S2019\RESTAURANT\DEBUG\COLORS.OBJ
E:\COULLAGE\1ST YEAR 2ND SEMESTER\DATA STRUCTURE\PROJECT\PROJECT_CODE_S2019\RESTAURANT\DEBUG\IMAGE.OBJ
E:\COULLAGE\1ST YEAR 2ND SEMESTER\DATA STRUCTURE\PROJECT\PROJECT_CODE_S2019\RESTAURANT\DEBUG\KEYQUEUE.OBJ
E:\COULLAGE\1ST YEAR 2ND SEMESTER\DATA STRUCTURE\PROJECT\PROJECT_CODE_S2019\RESTAURANT\DEBUG\MOUSEQUEUE.OBJ
E:\COULLAGE\1ST YEAR 2ND SEMESTER\DATA STRUCTURE\PROJECT\PROJECT_CODE_S2019\RESTAURANT\DEBUG\WINDOWINPUT.OBJ
E:\COULLAGE\1ST YEAR 2ND SEMESTER\DATA STRUCTURE\PROJECT\PROJECT_CODE_S2019\RESTAURANT\DEBUG\DEMO_MAIN.OBJ
E:\COULLAGE\1ST YEAR 2ND SEMESTER\DATA STRUCTURE\PROJECT\PROJECT_CODE_S2019\RESTAURANT\DEBUG\EVENT.OBJ
E:\COULLAGE\1ST YEAR 2ND SEMESTER\DATA STRUCTURE\PROJECT\PROJECT_CODE_S2019\RESTAURANT\DEBUG\ARRIVALEVENT.OBJ
E:\COULLAGE\1ST YEAR 2ND SEMESTER\DATA STRUCTURE\PROJECT\PROJECT_CODE_S2019\RESTAURANT\DEBUG\GUI.OBJ
E:\COULLAGE\1ST YEAR 2ND SEMESTER\DATA STRUCTURE\PROJECT\PROJECT_CODE_S2019\RESTAURANT\DEBUG\MOTORCYCLE.OBJ
E:\COULLAGE\1ST YEAR 2ND SEMESTER\DATA STRUCTURE\PROJECT\PROJECT_CODE_S2019\RESTAURANT\DEBUG\ORDER.OBJ
E:\COULLAGE\1ST YEAR 2ND SEMESTER\DATA STRUCTURE\PROJECT\PROJECT_CODE_S2019\RESTAURANT\DEBUG\VC110.PDB
E:\COULLAGE\1ST YEAR 2ND SEMESTER\DATA STRUCTURE\PROJECT\PROJECT_CODE_S2019\RESTAURANT\DEBUG\JDHUFF.OBJ
E:\COULLAGE\1ST YEAR 2ND SEMESTER\DATA STRUCTURE\PROJECT\PROJECT_CODE_S2019\RESTAURANT\DEBUG\JDINPUT.OBJ
E:\COULLAGE\1ST YEAR 2ND SEMESTER\DATA STRUCTURE\PROJECT\PROJECT_CODE_S2019\RESTAURANT\DEBUG\JDMAINCT.OBJ
E:\COULLAGE\1ST YEAR 2ND SEMESTER\DATA STRUCTURE\PROJECT\PROJECT_CODE_S2019\RESTAURANT\DEBUG\JDMARKER.OBJ
E:\COULLAGE\1ST YEAR 2ND SEMESTER\DATA STRUCTURE\PROJECT\PROJECT_CODE_S2019\RESTAURANT\DEBUG\JDMASTER.OBJ
E:\COULLAGE\1ST YEAR 2ND SEMESTER\DATA STRUCTURE\PROJECT\PROJECT_CODE_S2019\RESTAURANT\DEBUG\JDMERGE.OBJ
E:\COULLAGE\1ST YEAR 2ND SEMESTER\DATA STRUCTURE\PROJECT\PROJECT_CODE_S2019\RESTAURANT\DEBUG\JDPHUFF.OBJ
E:\COULLAGE\1ST YEAR 2ND SEMESTER\DATA STRUCTURE\PROJECT\PROJECT_CODE_S2019\RESTAURANT\DEBUG\JDPOSTCT.OBJ
E:\COULLAGE\1ST YEAR 2ND SEMESTER\DATA STRUCTURE\PROJECT\PROJECT_CODE_S2019\RESTAURANT\DEBUG\JDSAMPLE.OBJ
E:\COULLAGE\1ST YEAR 2ND SEMESTER\DATA STRUCTURE\PROJECT\PROJECT_CODE_S2019\RESTAURANT\DEBUG\JDTRANS.OBJ
E:\COULLAGE\1ST YEAR 2ND SEMESTER\DATA STRUCTURE\PROJECT\PROJECT_CODE_S2019\RESTAURANT\DEBUG\JERROR.OBJ
E:\COULLAGE\1ST YEAR 2ND SEMESTER\DATA STRUCTURE\PROJECT\PROJECT_CODE_S2019\RESTAURANT\DEBUG\JIDCTFLT.OBJ
E:\COULLAGE\1ST YEAR 2ND SEMESTER\DATA STRUCTURE\PROJECT\PROJECT_CODE_S2019\RESTAURANT\DEBUG\JIDCTFST.OBJ
E:\COULLAGE\1ST YEAR 2ND SEMESTER\DATA STRUCTURE\PROJECT\PROJECT_CODE_S2019\RESTAURANT\DEBUG\JIDCTINT.OBJ
E:\COULLAGE\1ST YEAR 2ND SEMESTER\DATA STRUCTURE\PROJECT\PROJECT_CODE_S2019\RESTAURANT\DEBUG\JIDCTRED.OBJ
E:\COULLAGE\1ST YEAR 2ND SEMESTER\DATA STRUCTURE\PROJECT\PROJECT_CODE_S2019\RESTAURANT\DEBUG\JMEMMGR.OBJ
E:\COULLAGE\1ST YEAR 2ND SEMESTER\DATA STRUCTURE\PROJECT\PROJECT_CODE_S2019\RESTAURANT\DEBUG\JMEMNOBS.OBJ
E:\COULLAGE\1ST YEAR 2ND SEMESTER\DATA STRUCTURE\PROJECT\PROJECT_CODE_S2019\RESTAURANT\DEBUG\JQUANT1.OBJ
E:\COULLAGE\1ST YEAR 2ND SEMESTER\DATA STRUCTURE\PROJECT\PROJECT_CODE_S2019\RESTAURANT\DEBUG\JQUANT2.OBJ
E:\COULLAGE\1ST YEAR 2ND SEMESTER\DATA STRUCTURE\PROJECT\PROJECT_CODE_S2019\RESTAURANT\DEBUG\JUTILS.OBJ
E:\COULLAGE\1ST YEAR 2ND SEMESTER\DATA STRUCTURE\PROJECT\PROJECT_CODE_S2019\RESTAURANT\DEBUG\JPEGLOAD.OBJ
E:\COULLAGE\1ST YEAR 2ND SEMESTER\DATA STRUCTURE\PROJECT\PROJECT_CODE_S2019\RESTAURANT\DEBUG\JCOMAPI.OBJ
E:\COULLAGE\1ST YEAR 2ND SEMESTER\DATA STRUCTURE\PROJECT\PROJECT_CODE_S2019\RESTAURANT\DEBUG\JCPARAM.OBJ
E:\COULLAGE\1ST YEAR 2ND SEMESTER\DATA STRUCTURE\PROJECT\PROJECT_CODE_S2019\RESTAURANT\DEBUG\JDAPIMIN.OBJ
E:\COULLAGE\1ST YEAR 2ND SEMESTER\DATA STRUCTURE\PROJECT\PROJECT_CODE_S2019\RESTAURANT\DEBUG\JDAPISTD.OBJ
E:\COULLAGE\1ST YEAR 2ND SEMESTER\DATA STRUCTURE\PROJECT\PROJECT_CODE_S2019\RESTAURANT\DEBUG\JDATASRC.OBJ
E:\COULLAGE\1ST YEAR 2ND SEMESTER\DATA STRUCTURE\PROJECT\PROJECT_CODE_S2019\RESTAURANT\DEBUG\JDCOEFCT.OBJ
E:\COULLAGE\1ST YEAR 2ND SEMESTER\DATA STRUCTURE\PROJECT\PROJECT_CODE_S2019\RESTAURANT\DEBUG\JDCOLOR.OBJ
E:\COULLAGE\1ST YEAR 2ND SEMESTER\DATA STRUCTURE\PROJECT\PROJECT_CODE_S2019\RESTAURANT\DEBUG\JDDCTMGR.OBJ
E:\COULLAGE\1ST YEAR 2ND SEMESTER\DATA STRUCTURE\PROJECT\PROJECT_CODE_S2019\RESTAURANT\DEBUG\RESTAURANT.OBJ
E:\COULLAGE\1ST YEAR 2ND SEMESTER\DATA STRUCTURE\PROJECT\PROJECT_CODE_S2019\DEBUG\RESTAURANT.ILK
E:\COULLAGE\1ST YEAR 2ND SEMESTER\DATA STRUCTURE\PROJECT\PROJECT_CODE_S2019\DEBUG\RESTAURANT.EXE
E:\COULLAGE\1ST YEAR 2ND SEMESTER\DATA STRUCTURE\PROJECT\PROJECT_CODE_S2019\DEBUG\RESTAURANT.PDB
E:\coullage\1st year 2nd semester\data structure\Project\Project_Code_S2019\Restaurant\Debug\ArrivalEvent.obj
E:\coullage\1st year 2nd semester\data structure\Project\Project_Code_S2019\Restaurant\Debug\CMUgraphics.obj
E:\coullage\1st year 2nd semester\data structure\Project\Project_Code_S2019\Restaurant\Debug\colors.obj
E:\coullage\1st year 2nd semester\data structure\Project\Project_Code_S2019\Restaurant\Debug\Demo_Main.obj
E:\coullage\1st year 2nd semester\data structure\Project\Project_Code_S2019\Restaurant\Debug\Event.obj
E:\coullage\1st year 2nd semester\data structure\Project\Project_Code_S2019\Restaurant\Debug\GUI.obj
E:\coullage\1st year 2nd semester\data structure\Project\Project_Code_S2019\Restaurant\Debug\image.obj
E:\coullage\1st year 2nd semester\data structure\Project\Project_Code_S2019\Restaurant\Debug\jcomapi.obj
E:\coullage\1st year 2nd semester\data structure\Project\Project_Code_S2019\Restaurant\Debug\jcparam.obj
E:\coullage\1st year 2nd semester\data structure\Project\Project_Code_S2019\Restaurant\Debug\jdapimin.obj
E:\coullage\1st year 2nd semester\data structure\Project\Project_Code_S2019\Restaurant\Debug\jdapistd.obj
E:\coullage\1st year 2nd semester\data structure\Project\Project_Code_S2019\Restaurant\Debug\jdatasrc.obj
E:\coullage\1st year 2nd semester\data structure\Project\Project_Code_S2019\Restaurant\Debug\jdcoefct.obj
E:\coullage\1st year 2nd semester\data structure\Project\Project_Code_S2019\Restaurant\Debug\jdcolor.obj
E:\coullage\1st year 2nd semester\data structure\Project\Project_Code_S2019\Restaurant\Debug\jddctmgr.obj
E:\coullage\1st year 2nd semester\data structure\Project\Project_Code_S2019\Restaurant\Debug\jdhuff.obj
E:\coullage\1st year 2nd semester\data structure\Project\Project_Code_S2019\Restaurant\Debug\jdinput.obj
E:\coullage\1st year 2nd semester\data structure\Project\Project_Code_S2019\Restaurant\Debug\jdmainct.obj
E:\coullage\1st year 2nd semester\data structure\Project\Project_Code_S2019\Restaurant\Debug\jdmarker.obj
E:\coullage\1st year 2nd semester\data structure\Project\Project_Code_S2019\Restaurant\Debug\jdmaster.obj
E:\coullage\1st year 2nd semester\data structure\Project\Project_Code_S2019\Restaurant\Debug\jdmerge.obj
E:\coullage\1st year 2nd semester\data structure\Project\Project_Code_S2019\Restaurant\Debug\jdphuff.obj
E:\coullage\1st year 2nd semester\data structure\Project\Project_Code_S2019\Restaurant\Debug\jdpostct.obj
E:\coullage\1st year 2nd semester\data structure\Project\Project_Code_S2019\Restaurant\Debug\jdsample.obj
E:\coullage\1st year 2nd semester\data structure\Project\Project_Code_S2019\Restaurant\Debug\jdtrans.obj
E:\coullage\1st year 2nd semester\data structure\Project\Project_Code_S2019\Restaurant\Debug\jerror.obj
E:\coullage\1st year 2nd semester\data structure\Project\Project_Code_S2019\Restaurant\Debug\jidctflt.obj
E:\coullage\1st year 2nd semester\data structure\Project\Project_Code_S2019\Restaurant\Debug\jidctfst.obj
E:\coullage\1st year 2nd semester\data structure\Project\Project_Code_S2019\Restaurant\Debug\jidctint.obj
E:\coullage\1st year 2nd semester\data structure\Project\Project_Code_S2019\Restaurant\Debug\jidctred.obj
E:\coullage\1st year 2nd semester\data structure\Project\Project_Code_S2019\Restaurant\Debug\jmemmgr.obj
E:\coullage\1st year 2nd semester\data structure\Project\Project_Code_S2019\Restaurant\Debug\jmemnobs.obj
E:\coullage\1st year 2nd semester\data structure\Project\Project_Code_S2019\Restaurant\Debug\jpegload.obj
E:\coullage\1st year 2nd semester\data structure\Project\Project_Code_S2019\Restaurant\Debug\jquant1.obj
E:\coullage\1st year 2nd semester\data structure\Project\Project_Code_S2019\Restaurant\Debug\jquant2.obj
E:\coullage\1st year 2nd semester\data structure\Project\Project_Code_S2019\Restaurant\Debug\jutils.obj
E:\coullage\1st year 2nd semester\data structure\Project\Project_Code_S2019\Restaurant\Debug\keyqueue.obj
E:\coullage\1st year 2nd semester\data structure\Project\Project_Code_S2019\Restaurant\Debug\Motorcycle.obj
E:\coullage\1st year 2nd semester\data structure\Project\Project_Code_S2019\Restaurant\Debug\mousequeue.obj
E:\coullage\1st year 2nd semester\data structure\Project\Project_Code_S2019\Restaurant\Debug\Order.obj
E:\coullage\1st year 2nd semester\data structure\Project\Project_Code_S2019\Restaurant\Debug\windowinput.obj
E:\coullage\1st year 2nd semester\data structure\Project\Project_Code_S2019\Restaurant\Debug\cl.command.1.tlog
E:\coullage\1st year 2nd semester\data structure\Project\Project_Code_S2019\Restaurant\Debug\CL.read.1.tlog
E:\coullage\1st year 2nd semester\data structure\Project\Project_Code_S2019\Restaurant\Debug\CL.write.1.tlog
E:\coullage\1st year 2nd semester\data structure\Project\Project_Code_S2019\Restaurant\Debug\link-cvtres.read.1.tlog
E:\coullage\1st year 2nd semester\data structure\Project\Project_Code_S2019\Restaurant\Debug\link-cvtres.write.1.tlog
E:\coullage\1st year 2nd semester\data structure\Project\Project_Code_S2019\Restaurant\Debug\link-rc.read.1.tlog
E:\coullage\1st year 2nd semester\data structure\Project\Project_Code_S2019\Restaurant\Debug\link-rc.write.1.tlog
E:\coullage\1st year 2nd semester\data structure\Project\Project_Code_S2019\Restaurant\Debug\link.command.1.tlog
E:\coullage\1st year 2nd semester\data structure\Project\Project_Code_S2019\Restaurant\Debug\link.read.1.tlog
E:\coullage\1st year 2nd semester\data structure\Project\Project_Code_S2019\Restaurant\Debug\link.write.1.tlog
E:\coullage\1st year 2nd semester\data structure\Project\Project_Code_S2019\Restaurant\Debug\vc110.idb
E:\coullage\1st year 2nd semester\data structure\Project\Project_Code_S2019\Restaurant\Debug\vc110.pdb
E:\coullage\1st year 2nd semester\data structure\Project\Project_Code_S2019\Debug\Restaurant.pdb
E:\coullage\1st year 2nd semester\data structure\Project\Project_Code_S2019\Debug\Restaurant.exe
E:\coullage\1st year 2nd semester\data structure\Project\Project_Code_S2019\Debug\Restaurant.ilk
