Build started 5/1/2019 9:18:56 AM.
     1>Project "C:\Users\Ahmed Magdy\Desktop\Project DS\Restaurant-master (1)\Restaurant-master\Restaurant\Restaurant.vcxproj" on node 2 (Build target(s)).
     1>ClCompile:
         F:\vs2012\VC\bin\CL.exe /c /ZI /nologo /W3 /WX- /Od /Oy- /D WIN32 /D _DEBUG /D _CONSOLE /D _MBCS /Gm /EHsc /RTC1 /MDd /GS /fp:precise /Zc:wchar_t /Zc:forScope /Fo"Debug\\" /Fd"Debug\vc110.pdb" /Gd /TP /analyze- /errorReport:prompt Rest\Restaurant.cpp
         Restaurant.cpp
     1>c:\users\ahmed magdy\desktop\project ds\restaurant-master (1)\restaurant-master\restaurant\rest\restaurant.cpp(29): warning C4101: 'pEv' : unreferenced local variable
     1>c:\users\ahmed magdy\desktop\project ds\restaurant-master (1)\restaurant-master\restaurant\rest\restaurant.cpp(28): warning C4101: 'pOrd' : unreferenced local variable
     1>c:\users\ahmed magdy\desktop\project ds\restaurant-master (1)\restaurant-master\restaurant\rest\restaurant.cpp(453): warning C4101: 'pOrd' : unreferenced local variable
     1>c:\users\ahmed magdy\desktop\project ds\restaurant-master (1)\restaurant-master\restaurant\rest\restaurant.cpp(477): warning C4101: 'pOrd' : unreferenced local variable
     1>c:\users\ahmed magdy\desktop\project ds\restaurant-master (1)\restaurant-master\restaurant\rest\restaurant.cpp(914): warning C4101: 'test' : unreferenced local variable
       Link:
         F:\vs2012\VC\bin\link.exe /ERRORREPORT:PROMPT /OUT:"C:\Users\Ahmed Magdy\Desktop\Project DS\Restaurant-master (1)\Restaurant-master\Debug\Restaurant.exe" /INCREMENTAL /NOLOGO kernel32.lib user32.lib gdi32.lib winspool.lib comdlg32.lib advapi32.lib shell32.lib ole32.lib oleaut32.lib uuid.lib odbc32.lib odbccp32.lib /MANIFEST /MANIFESTUAC:"level='asInvoker' uiAccess='false'" /manifest:embed /DEBUG /PDB:"C:\Users\Ahmed Magdy\Desktop\Project DS\Restaurant-master (1)\Restaurant-master\Debug\Restaurant.pdb" /SUBSYSTEM:CONSOLE /TLBID:1 /DYNAMICBASE /NXCOMPAT /IMPLIB:"C:\Users\Ahmed Magdy\Desktop\Project DS\Restaurant-master (1)\Restaurant-master\Debug\Restaurant.lib" /MACHINE:X86 Debug\CMUgraphics.obj
         Debug\colors.obj
         Debug\image.obj
         Debug\jpegload.obj
         Debug\jcomapi.obj
         Debug\jcparam.obj
         Debug\jdapimin.obj
         Debug\jdapistd.obj
         Debug\jdatasrc.obj
         Debug\jdcoefct.obj
         Debug\jdcolor.obj
         Debug\jddctmgr.obj
         Debug\jdhuff.obj
         Debug\jdinput.obj
         Debug\jdmainct.obj
         Debug\jdmarker.obj
         Debug\jdmaster.obj
         Debug\jdmerge.obj
         Debug\jdphuff.obj
         Debug\jdpostct.obj
         Debug\jdsample.obj
         Debug\jdtrans.obj
         Debug\jerror.obj
         Debug\jidctflt.obj
         Debug\jidctfst.obj
         Debug\jidctint.obj
         Debug\jidctred.obj
         Debug\jmemmgr.obj
         Debug\jmemnobs.obj
         Debug\jquant1.obj
         Debug\jquant2.obj
         Debug\jutils.obj
         Debug\keyqueue.obj
         Debug\mousequeue.obj
         Debug\windowinput.obj
         Debug\Test.obj
         Debug\CancellationEvent.obj
         Debug\Event.obj
         Debug\ArrivalEvent.obj
         Debug\PromotionEvent.obj
         Debug\GUI.obj
         Debug\Motorcycle.obj
         Debug\Order.obj
         Debug\Restaurant.obj
         Restaurant.vcxproj -> C:\Users\Ahmed Magdy\Desktop\Project DS\Restaurant-master (1)\Restaurant-master\Debug\Restaurant.exe
     1>Done Building Project "C:\Users\Ahmed Magdy\Desktop\Project DS\Restaurant-master (1)\Restaurant-master\Restaurant\Restaurant.vcxproj" (Build target(s)).

Build succeeded.

Time Elapsed 00:00:02.56
